;  LST file generated by mikroListExporter - v.2.0 
; Date/Time: 11/02/2016 17:04:57
;----------------------------------------------

;Address Opcode 	ASM
0x0000	0xF000EF14  	GOTO        40
_interrupt:
;MyProject.c,5 :: 		void interrupt(){
;MyProject.c,7 :: 		tmr0l = 0xE5;
0x0008	0x0EE5      	MOVLW       229
0x000A	0x6ED6      	MOVWF       TMR0L 
;MyProject.c,8 :: 		tmr0h = 0x48;
0x000C	0x0E48      	MOVLW       72
0x000E	0x6ED7      	MOVWF       TMR0H 
;MyProject.c,9 :: 		intcon.tmr0if = 0;
0x0010	0x94F2      	BCF         INTCON, 2 
;MyProject.c,10 :: 		cont = cont + 1;
0x0012	0x4A17      	INFSNZ      _cont, 1 
0x0014	0x2A18      	INCF        _cont+1, 1 
;MyProject.c,12 :: 		}
L_end_interrupt:
L__interrupt15:
0x0016	0x0011      	RETFIE      1
; end of _interrupt
___CC2DW:
;__Lib_System.c,21 :: 		
;__Lib_System.c,23 :: 		
_CC2DL_Loop1:
;__Lib_System.c,24 :: 		
0x0018	0x0009      	TBLRD*+
;__Lib_System.c,25 :: 		
0x001A	0xFFE6CFF5  	MOVFF       TABLAT, POSTINC1
;__Lib_System.c,26 :: 		
0x001E	0x0600      	DECF        R0, 1, 0
;__Lib_System.c,27 :: 		
0x0020	0xE1FB      	BNZ         _CC2DL_Loop1
;__Lib_System.c,28 :: 		
0x0022	0x0601      	DECF        R1, 1, 0
;__Lib_System.c,29 :: 		
0x0024	0xE1F9      	BNZ         _CC2DL_Loop1
;__Lib_System.c,31 :: 		
L_end___CC2DW:
0x0026	0x0012      	RETURN      0
; end of ___CC2DW
_main:
0x0028	0x6A15      	CLRF        _sai 
0x002A	0x6A16      	CLRF        22 
0x002C	0x6A17      	CLRF        _cont 
0x002E	0x6A18      	CLRF        24 
;MyProject.c,14 :: 		void main() {
;MyProject.c,16 :: 		trisd = 0x00;
0x0030	0x6A95      	CLRF        TRISD 
;MyProject.c,17 :: 		TMR0H = 0x48;
0x0032	0x0E48      	MOVLW       72
0x0034	0x6ED7      	MOVWF       TMR0H 
;MyProject.c,18 :: 		TMR0L = 0xE5;
0x0036	0x0EE5      	MOVLW       229
0x0038	0x6ED6      	MOVWF       TMR0L 
;MyProject.c,19 :: 		T0con = 0b10000110;
0x003A	0x0E86      	MOVLW       134
0x003C	0x6ED5      	MOVWF       T0CON 
;MyProject.c,20 :: 		intcon.tmr0if = 0;
0x003E	0x94F2      	BCF         INTCON, 2 
;MyProject.c,21 :: 		intcon.gieh = 1;
0x0040	0x8EF2      	BSF         INTCON, 7 
;MyProject.c,22 :: 		intcon.tmr0ie = 1;
0x0042	0x8AF2      	BSF         INTCON, 5 
;MyProject.c,23 :: 		rcon.ipen = 1;
0x0044	0x8ED0      	BSF         RCON, 7 
;MyProject.c,24 :: 		intcon2.tmr0ip = 1;
0x0046	0x84F1      	BSF         INTCON2, 2 
;MyProject.c,25 :: 		rcon.ipen = 1;
0x0048	0x8ED0      	BSF         RCON, 7 
;MyProject.c,28 :: 		while(1){
L_main0:
;MyProject.c,30 :: 		switch (cont) {
0x004A	0xD030      	BRA         L_main2
;MyProject.c,32 :: 		case 0 : sai =  0b1111110; break;
L_main4:
0x004C	0x0E7E      	MOVLW       126
0x004E	0x6E15      	MOVWF       _sai 
0x0050	0x0E00      	MOVLW       0
0x0052	0x6E16      	MOVWF       _sai+1 
0x0054	0xD067      	BRA         L_main3
;MyProject.c,33 :: 		case 1 : sai =  0b0110000; break;
L_main5:
0x0056	0x0E30      	MOVLW       48
0x0058	0x6E15      	MOVWF       _sai 
0x005A	0x0E00      	MOVLW       0
0x005C	0x6E16      	MOVWF       _sai+1 
0x005E	0xD062      	BRA         L_main3
;MyProject.c,34 :: 		case 2 : sai =  0b0010010; break;
L_main6:
0x0060	0x0E12      	MOVLW       18
0x0062	0x6E15      	MOVWF       _sai 
0x0064	0x0E00      	MOVLW       0
0x0066	0x6E16      	MOVWF       _sai+1 
0x0068	0xD05D      	BRA         L_main3
;MyProject.c,35 :: 		case 3 : sai =  0b0000110; break;
L_main7:
0x006A	0x0E06      	MOVLW       6
0x006C	0x6E15      	MOVWF       _sai 
0x006E	0x0E00      	MOVLW       0
0x0070	0x6E16      	MOVWF       _sai+1 
0x0072	0xD058      	BRA         L_main3
;MyProject.c,36 :: 		case 4 : sai =  0b1001100; break;
L_main8:
0x0074	0x0E4C      	MOVLW       76
0x0076	0x6E15      	MOVWF       _sai 
0x0078	0x0E00      	MOVLW       0
0x007A	0x6E16      	MOVWF       _sai+1 
0x007C	0xD053      	BRA         L_main3
;MyProject.c,37 :: 		case 5 : sai =  0b0100100; break;
L_main9:
0x007E	0x0E24      	MOVLW       36
0x0080	0x6E15      	MOVWF       _sai 
0x0082	0x0E00      	MOVLW       0
0x0084	0x6E16      	MOVWF       _sai+1 
0x0086	0xD04E      	BRA         L_main3
;MyProject.c,38 :: 		case 6 : sai =  0b0100000; break;
L_main10:
0x0088	0x0E20      	MOVLW       32
0x008A	0x6E15      	MOVWF       _sai 
0x008C	0x0E00      	MOVLW       0
0x008E	0x6E16      	MOVWF       _sai+1 
0x0090	0xD049      	BRA         L_main3
;MyProject.c,39 :: 		case 7 : sai =  0b0001111; break;
L_main11:
0x0092	0x0E0F      	MOVLW       15
0x0094	0x6E15      	MOVWF       _sai 
0x0096	0x0E00      	MOVLW       0
0x0098	0x6E16      	MOVWF       _sai+1 
0x009A	0xD044      	BRA         L_main3
;MyProject.c,40 :: 		case 8 : sai =  0b0000000; break;
L_main12:
0x009C	0x6A15      	CLRF        _sai 
0x009E	0x6A16      	CLRF        _sai+1 
0x00A0	0xD041      	BRA         L_main3
;MyProject.c,41 :: 		case 9 : sai =  0b0000100; break;
L_main13:
0x00A2	0x0E04      	MOVLW       4
0x00A4	0x6E15      	MOVWF       _sai 
0x00A6	0x0E00      	MOVLW       0
0x00A8	0x6E16      	MOVWF       _sai+1 
0x00AA	0xD03C      	BRA         L_main3
;MyProject.c,42 :: 		}
L_main2:
0x00AC	0x0E00      	MOVLW       0
0x00AE	0x1818      	XORWF       _cont+1, 0 
0x00B0	0xE102      	BNZ         L__main17
0x00B2	0x0E00      	MOVLW       0
0x00B4	0x1817      	XORWF       _cont, 0 
L__main17:
0x00B6	0xE0CA      	BZ          L_main4
0x00B8	0x0E00      	MOVLW       0
0x00BA	0x1818      	XORWF       _cont+1, 0 
0x00BC	0xE102      	BNZ         L__main18
0x00BE	0x0E01      	MOVLW       1
0x00C0	0x1817      	XORWF       _cont, 0 
L__main18:
0x00C2	0xE0C9      	BZ          L_main5
0x00C4	0x0E00      	MOVLW       0
0x00C6	0x1818      	XORWF       _cont+1, 0 
0x00C8	0xE102      	BNZ         L__main19
0x00CA	0x0E02      	MOVLW       2
0x00CC	0x1817      	XORWF       _cont, 0 
L__main19:
0x00CE	0xE0C8      	BZ          L_main6
0x00D0	0x0E00      	MOVLW       0
0x00D2	0x1818      	XORWF       _cont+1, 0 
0x00D4	0xE102      	BNZ         L__main20
0x00D6	0x0E03      	MOVLW       3
0x00D8	0x1817      	XORWF       _cont, 0 
L__main20:
0x00DA	0xE0C7      	BZ          L_main7
0x00DC	0x0E00      	MOVLW       0
0x00DE	0x1818      	XORWF       _cont+1, 0 
0x00E0	0xE102      	BNZ         L__main21
0x00E2	0x0E04      	MOVLW       4
0x00E4	0x1817      	XORWF       _cont, 0 
L__main21:
0x00E6	0xE0C6      	BZ          L_main8
0x00E8	0x0E00      	MOVLW       0
0x00EA	0x1818      	XORWF       _cont+1, 0 
0x00EC	0xE102      	BNZ         L__main22
0x00EE	0x0E05      	MOVLW       5
0x00F0	0x1817      	XORWF       _cont, 0 
L__main22:
0x00F2	0xE0C5      	BZ          L_main9
0x00F4	0x0E00      	MOVLW       0
0x00F6	0x1818      	XORWF       _cont+1, 0 
0x00F8	0xE102      	BNZ         L__main23
0x00FA	0x0E06      	MOVLW       6
0x00FC	0x1817      	XORWF       _cont, 0 
L__main23:
0x00FE	0xE0C4      	BZ          L_main10
0x0100	0x0E00      	MOVLW       0
0x0102	0x1818      	XORWF       _cont+1, 0 
0x0104	0xE102      	BNZ         L__main24
0x0106	0x0E07      	MOVLW       7
0x0108	0x1817      	XORWF       _cont, 0 
L__main24:
0x010A	0xE0C3      	BZ          L_main11
0x010C	0x0E00      	MOVLW       0
0x010E	0x1818      	XORWF       _cont+1, 0 
0x0110	0xE102      	BNZ         L__main25
0x0112	0x0E08      	MOVLW       8
0x0114	0x1817      	XORWF       _cont, 0 
L__main25:
0x0116	0xE0C2      	BZ          L_main12
0x0118	0x0E00      	MOVLW       0
0x011A	0x1818      	XORWF       _cont+1, 0 
0x011C	0xE102      	BNZ         L__main26
0x011E	0x0E09      	MOVLW       9
0x0120	0x1817      	XORWF       _cont, 0 
L__main26:
0x0122	0xE0BF      	BZ          L_main13
L_main3:
;MyProject.c,43 :: 		portd = sai;
0x0124	0xFF83C015  	MOVFF       _sai, PORTD
;MyProject.c,45 :: 		}
0x0128	0xD790      	BRA         L_main0
;MyProject.c,47 :: 		}
L_end_main:
0x012A	0xD7FF      	BRA         $+0
; end of _main
Symbol List:
//** Routines locations **
//ADDRESS    SIZE    PROCEDURE
//----------------------------------------------
0x0008      [16]    _interrupt
0x0018      [16]    ___CC2DW
0x0028     [260]    _main
//** Variables locations ** 
//ADDRESS    SIZE    VARIABLE
//----------------------------------------------
0x0000       [1]    __Lib_SoftI2C_PutZerosToLATScl_temp_scl_L0
0x0000       [1]    R0
0x0000       [1]    SPI1_Write_tmp_L0
0x0000       [1]    __Lib_SoftI2C_PutZerosToLATSda_temp_sda_L0
0x0000       [1]    FLASH_Erase_64_SaveINTCON_L0
0x0000       [1]    EEPROM_Write_SaveINTCON_L0
0x0000       [1]    UART1_Init_tmp_L0
0x0001       [1]    FLASH_Erase_Write_64_i_L0
0x0001       [1]    ispunct_rslt_L0
0x0001       [1]    __Lib_TFT_16bit_JPEG_FileRead_i_L0
0x0001       [1]    I2C1_Rd_tmp_L0
0x0001       [1]    __Lib_TFT_JPEG_FileReadBytes_Result_L0
0x0001       [1]    __Lib_TFT_16bit_JPEG_FileReadBytes_Result_L0
0x0001       [1]    __Lib_PS2_Wait_Falling_nsample_L0
0x0001       [1]    __Lib_TFT_JPEG_FileRead_i_L0
0x0001       [1]    FLASH_Write_32_i_L0
0x0001       [1]    UART1_Read___tmp_UART1_Read_L0
0x0001       [2]    FLASH_Read_N_Bytes_i_L0
0x0001       [1]    R1
0x0002       [2]    memcpy_dd_L0
0x0002       [2]    strlen_cp_L0
0x0002       [1]    __Lib_USB_genHID_USB_CtrlTrf_Rx_Service_byteToRead_L0
0x0002       [2]    __Lib_USB_genHID_memset_usb_pp_L0
0x0002       [2]    memchr_s_L0
0x0002       [2]    memset_pp_L0
0x0002       [1]    FLASH_Erase_Write_64_j_L0
0x0002       [1]    FLASH_Write_32_SaveINTCON_L0
0x0002       [1]    R2
0x0002       [2]    __Lib_USB_genHID_memset_usb_int_pp_L0
0x0003       [2]    MM_TotalFreeMemSize_Tot_L0
0x0003       [2]    memmove_tt_L0
0x0003       [1]    R3
0x0003       [2]    __Lib_MmcFat16_f16_toInt_l_L0
0x0003       [1]    MM_Init_i_L0
0x0003       [2]    Ltrim_original_L0
0x0003       [2]    __Lib_USB_genHID_USB_CtrlTrf_Tx_Service_byteToSend_L0
0x0003       [1]    __Lib_USB_genHID_USB_CtrlTrf_Rx_Service_i_L0
0x0003       [1]    FLASH_Erase_Write_64_SaveINTCON_L0
0x0004       [2]    __Lib_USB_genHID_USB_Get_Status_Handler_p_L2
0x0004       [1]    R4
0x0004       [2]    memcpy_ss_L0
0x0004       [2]    __Lib_USB_genHID_USB_Std_Feature_Req_Handler_p_L0
0x0004       [1]    __Lib_USB_genHID_GetMaxIndexInDevDsc_index_L0
0x0004       [2]    strcat_cp_L0
0x0004       [2]    strcpy_cp_L0
0x0004       [2]    strncpy_cp_L0
0x0004       [2]    strncat_cp_L0
0x0004       [2]    __Lib_USB_genHID_USB_Transfer_Packet_handle_L0
0x0004       [2]    __Lib_MemManager_MM_GetMemAlign_P_L0
0x0004       [2]    __Lib_USB_genHID_USB_Transfer_Packet_Int_handle_L0
0x0004       [2]    frexp_pom_L0
0x0005       [1]    R5
0x0005       [2]    LongIntToHex_input_half_L0
0x0005       [2]    LongWordToHex_input_half_L0
0x0005       [2]    Ltrim_p_L0
0x0005       [1]    MM_TotalFreeMemSize_i_L0
0x0005       [2]    memmove_ff_L0
0x0005       [2]    __Lib_USB_genHID_USB_Configure_Endpoint_handle_L0
0x0006       [1]    R6
0x0006       [2]    __Lib_USB_genHID_GetMaxIndexInConfigDsc_totalLen_L0
0x0006       [1]    __Lib_MemManager_MM_GetMemAlign_i_L0
0x0007       [1]    R7
0x0007       [1]    __Lib_TFT_16bit_JPEG_GenerateHuffmanTables_bLength_L0
0x0007       [1]    __Lib_TFT_JPEG_GenerateHuffmanTables_bLength_L0
0x0008       [3]    __Lib_USB_genHID_GetMaxIndexInConfigDsc_ptr_L0
0x0008       [1]    R8
0x0008       [1]    __Lib_TFT_16bit_JPEG_GenerateHuffmanTables_bTable_L0
0x0008       [1]    __Lib_TFT_JPEG_GenerateHuffmanTables_bTable_L0
0x0009       [4]    __Lib_MmcFat16_f16_toLong_l_L0
0x0009       [1]    R9
0x000A       [1]    R10
0x000B       [1]    R11
0x000C       [1]    R12
0x000D       [1]    R13
0x000E       [1]    R14
0x000F       [1]    R15
0x0010       [1]    R16
0x0011       [1]    R17
0x0012       [1]    R18
0x0013       [1]    R19
0x0014       [1]    R20
0x0015       [2]    _sai
0x0017       [2]    _cont
0x0F83       [1]    PORTD
0x0F95       [1]    TRISD
0x0FD0       [1]    RCON
0x0FD5       [1]    T0CON
0x0FD6       [1]    TMR0L
0x0FD7       [1]    TMR0H
0x0FD8       [1]    STATUS
0x0FD9       [1]    FSR2L
0x0FDA       [1]    FSR2H
0x0FDE       [1]    POSTINC2
0x0FE0       [1]    BSR
0x0FE1       [1]    FSR1L
0x0FE2       [1]    FSR1H
0x0FE4       [1]    PREINC1
0x0FE6       [1]    POSTINC1
0x0FE7       [1]    INDF1
0x0FE8       [1]    WREG
0x0FE9       [1]    FSR0L
0x0FEA       [1]    FSR0H
0x0FEE       [1]    POSTINC0
0x0FF1       [1]    INTCON2
0x0FF2       [1]    INTCON
0x0FF3       [1]    PRODL
0x0FF4       [1]    PRODH
0x0FF5       [1]    TABLAT
0x0FF6       [1]    TBLPTRL
0x0FF7       [1]    TBLPTRH
0x0FF8       [1]    TBLPTRU
//** Label List: ** 
//----------------------------------------------
  L_main0
  L_main1
  L_main2
  L_main3
  L_main4
  L_main5
  L_main6
  L_main7
  L_main8
  L_main9
  L_main10
  L_main11
  L_main12
  L_main13
  L_end_interrupt
  _interrupt
  L__interrupt15
  L_end_main
  _main
  L__main17
  L__main18
  L__main19
  L__main20
  L__main21
  L__main22
  L__main23
  L__main24
  L__main25
  L__main26
  _CC2D_Loop1
  _CC2DL_Loop1
  L_loopCA2AWs
  L_loopCCA2AWs
  L_loopCS2Ss
  L_CS2Send
  L_loopCCS2Ss
  L_CCS2Send
  L_loopFZinSWs
  L_longjmp7
  L_end___CC2D
  ___CC2D
  L_end___CC2DW
  ___CC2DW
  L_end___CA2AW
  ___CA2AW
  L_end___CCA2AW
  ___CCA2AW
  L_end___CS2S
  ___CS2S
  L_end___CCS2S
  ___CCS2S
  L_end___FZinS
  ___FZinS
  L_end_____DoIFC
  _____DoIFC
  L_end_Swap
  _Swap
  L_end_setjmp
  _setjmp
  L_end_longjmp
  _longjmp
  L_main0
  L_main1
  L_main2
  L_main3
  L_main4
  L_main5
  L_main6
  L_main7
  L_main8
  L_main9
  L_main10
  L_main11
  L_main12
  L_main13
  L_end_interrupt
  _interrupt
  L__interrupt15
  L_end_main
  _main
  L__main17
  L__main18
  L__main19
  L__main20
  L__main21
  L__main22
  L__main23
  L__main24
  L__main25
  L__main26
